<Event xmlns='http://schemas.microsoft.com/win/2004/08/events/event'><System><Provider Name='Microsoft-Windows-Security-Auditing' Guid='{54849625-5478-4994-A5BA-3E3B0328C30D}'/><EventID>4728</EventID><Version>0</Version><Level>0</Level><Task>13826</Task><Opcode>0</Opcode><Keywords>0x8020000000000000</Keywords><TimeCreated SystemTime='2023-09-27T07:01:48.383423000Z'/><EventRecordID>669820</EventRecordID><Correlation/><Execution ProcessID='604' ThreadID='2328'/><Channel>Security</Channel><Computer>ar-win-dc.attackrange.local</Computer><Security/></System><EventData><Data Name='MemberName'>CN=JOHN_HESS,OU=Tier 2,DC=attackrange,DC=local</Data><Data Name='MemberSid'>ATTACKRANGE\JOHN_HESS</Data><Data Name='TargetUserName'>Domain Admins</Data><Data Name='TargetDomainName'>ATTACKRANGE</Data><Data Name='TargetSid'>ATTACKRANGE\Domain Admins</Data><Data Name='SubjectUserSid'>ATTACKRANGE\Administrator</Data><Data Name='SubjectUserName'>Administrator</Data><Data Name='SubjectDomainName'>ATTACKRANGE</Data><Data Name='SubjectLogonId'>0x13f223</Data><Data Name='PrivilegeList'>-</Data></EventData></Event>
<Event xmlns='http://schemas.microsoft.com/win/2004/08/events/event'><System><Provider Name='Microsoft-Windows-Security-Auditing' Guid='{54849625-5478-4994-A5BA-3E3B0328C30D}'/><EventID>4728</EventID><Version>0</Version><Level>0</Level><Task>13826</Task><Opcode>0</Opcode><Keywords>0x8020000000000000</Keywords><TimeCreated SystemTime='2023-09-27T05:31:52.541188800Z'/><EventRecordID>399315</EventRecordID><Correlation ActivityID='{8065F3E0-F102-0000-E6F3-658002F1D901}'/><Execution ProcessID='616' ThreadID='660'/><Channel>Security</Channel><Computer>ar-win-2.attackrange.local</Computer><Security/></System><EventData><Data Name='MemberName'>-</Data><Data Name='MemberSid'>AR-WIN-2\new_user_test</Data><Data Name='TargetUserName'>None</Data><Data Name='TargetDomainName'>AR-WIN-2</Data><Data Name='TargetSid'>AR-WIN-2\None</Data><Data Name='SubjectUserSid'>ATTACKRANGE\Administrator</Data><Data Name='SubjectUserName'>Administrator</Data><Data Name='SubjectDomainName'>ATTACKRANGE</Data><Data Name='SubjectLogonId'>0x556e7</Data><Data Name='PrivilegeList'>-</Data></EventData></Event>
<Event xmlns='http://schemas.microsoft.com/win/2004/08/events/event'><System><Provider Name='Microsoft-Windows-Security-Auditing' Guid='{54849625-5478-4994-A5BA-3E3B0328C30D}'/><EventID>4722</EventID><Version>0</Version><Level>0</Level><Task>13824</Task><Opcode>0</Opcode><Keywords>0x8020000000000000</Keywords><TimeCreated SystemTime='2023-10-13T05:30:40.111495200Z'/><EventRecordID>1273091</EventRecordID><Correlation/><Execution ProcessID='608' ThreadID='1744'/><Channel>Security</Channel><Computer>ar-win-dc.attackrange.local</Computer><Security/></System><EventData><Data Name='TargetUserName'>RandomUser_c2sg3</Data><Data Name='TargetDomainName'>ATTACKRANGE</Data><Data Name='TargetSid'>ATTACKRANGE\RandomUser_c2sg3</Data><Data Name='SubjectUserSid'>ATTACKRANGE\unpriv</Data><Data Name='SubjectUserName'>unpriv</Data><Data Name='SubjectDomainName'>ATTACKRANGE</Data><Data Name='SubjectLogonId'>0x331dbb</Data></EventData></Event>
<Event xmlns='http://schemas.microsoft.com/win/2004/08/events/event'><System><Provider Name='Microsoft-Windows-Security-Auditing' Guid='{54849625-5478-4994-A5BA-3E3B0328C30D}'/><EventID>4738</EventID><Version>0</Version><Level>0</Level><Task>13824</Task><Opcode>0</Opcode><Keywords>0x8020000000000000</Keywords><TimeCreated SystemTime='2023-10-13T05:30:40.111473100Z'/><EventRecordID>1273090</EventRecordID><Correlation/><Execution ProcessID='608' ThreadID='1744'/><Channel>Security</Channel><Computer>ar-win-dc.attackrange.local</Computer><Security/></System><EventData><Data Name='Dummy'>-</Data><Data Name='TargetUserName'>RandomUser_c2sg3</Data><Data Name='TargetDomainName'>ATTACKRANGE</Data><Data Name='TargetSid'>ATTACKRANGE\RandomUser_c2sg3</Data><Data Name='SubjectUserSid'>ATTACKRANGE\unpriv</Data><Data Name='SubjectUserName'>unpriv</Data><Data Name='SubjectDomainName'>ATTACKRANGE</Data><Data Name='SubjectLogonId'>0x331dbb</Data><Data Name='PrivilegeList'>-</Data><Data Name='SamAccountName'>-</Data><Data Name='DisplayName'>-</Data><Data Name='UserPrincipalName'>-</Data><Data Name='HomeDirectory'>-</Data><Data Name='HomePath'>-</Data><Data Name='ScriptPath'>-</Data><Data Name='ProfilePath'>-</Data><Data Name='UserWorkstations'>-</Data><Data Name='PasswordLastSet'>-</Data><Data Name='AccountExpires'>-</Data><Data Name='PrimaryGroupId'>-</Data><Data Name='AllowedToDelegateTo'>-</Data><Data Name='OldUacValue'>0x11</Data><Data Name='NewUacValue'>0x10</Data><Data Name='UserAccountControl'>
		%%2048</Data><Data Name='UserParameters'>-</Data><Data Name='SidHistory'>-</Data><Data Name='LogonHours'>-</Data></EventData></Event>
<Event xmlns='http://schemas.microsoft.com/win/2004/08/events/event'><System><Provider Name='Microsoft-Windows-Security-Auditing' Guid='{54849625-5478-4994-A5BA-3E3B0328C30D}'/><EventID>4724</EventID><Version>0</Version><Level>0</Level><Task>13824</Task><Opcode>0</Opcode><Keywords>0x8020000000000000</Keywords><TimeCreated SystemTime='2023-10-13T05:30:40.106390400Z'/><EventRecordID>1273084</EventRecordID><Correlation/><Execution ProcessID='608' ThreadID='2616'/><Channel>Security</Channel><Computer>ar-win-dc.attackrange.local</Computer><Security/></System><EventData><Data Name='TargetUserName'>RandomUser_c2sg3</Data><Data Name='TargetDomainName'>ATTACKRANGE</Data><Data Name='TargetSid'>ATTACKRANGE\RandomUser_c2sg3</Data><Data Name='SubjectUserSid'>ATTACKRANGE\unpriv</Data><Data Name='SubjectUserName'>unpriv</Data><Data Name='SubjectDomainName'>ATTACKRANGE</Data><Data Name='SubjectLogonId'>0x34746b</Data></EventData></Event>
