<Event xmlns='http://schemas.microsoft.com/win/2004/08/events/event'><System><Provider Name='Microsoft-Windows-Security-Auditing' Guid='{54849625-5478-4994-A5BA-3E3B0328C30D}'/><EventID>5136</EventID><Version>0</Version><Level>0</Level><Task>14081</Task><Opcode>0</Opcode><Keywords>0x8020000000000000</Keywords><TimeCreated SystemTime='2023-11-10T10:45:06.722929000Z'/><EventRecordID>4507724</EventRecordID><Correlation ActivityID='{AE855537-1368-0001-4555-85AE6813DA01}'/><Execution ProcessID='608' ThreadID='648'/><Channel>Security</Channel><Computer>ar-win-dc.attackrange.local</Computer><Security/></System><EventData><Data Name='OpCorrelationID'>{49BDC008-3FB2-4AFD-93B6-54FDCD9E6051}</Data><Data Name='AppCorrelationID'>-</Data><Data Name='SubjectUserSid'>S-1-5-21-390003789-444691441-1275789787-500</Data><Data Name='SubjectUserName'>Administrator</Data><Data Name='SubjectDomainName'>ATTACKRANGE</Data><Data Name='SubjectLogonId'>0x69a8fd</Data><Data Name='DSName'>attackrange.local</Data><Data Name='DSType'>%%14676</Data><Data Name='ObjectDN'>DC=attackrange,DC=local</Data><Data Name='ObjectGUID'>{C5F5FDB6-AC1C-4AC8-A79C-FCB2457875EE}</Data><Data Name='ObjectClass'>domainDNS</Data><Data Name='AttributeLDAPDisplayName'>nTSecurityDescriptor</Data><Data Name='AttributeSyntaxOID'>2.5.5.15</Data><Data Name='AttributeValue'>O:BAG:BAD:AI(OA;;CR;1131f6aa-9c07-11d1-f79f-00c04fc2dcd2;;S-1-5-21-390003789-444691441-1275789787-498)(OA;;CR;1131f6ad-9c07-11d1-f79f-00c04fc2dcd2;;DD)(OA;CIIO;SW;9b026da6-0d3c-465c-8bee-5199d7165cba;bf967a86-0de6-11d0-a285-00aa003049e2;CO)(OA;CIIO;SW;9b026da6-0d3c-465c-8bee-5199d7165cba;bf967a86-0de6-11d0-a285-00aa003049e2;PS)(OA;CIIO;RP;b7c69e6d-2cc7-11d2-854e-00a0c983f608;bf967a86-0de6-11d0-a285-00aa003049e2;ED)(OA;CIIO;RP;b7c69e6d-2cc7-11d2-854e-00a0c983f608;bf967a9c-0de6-11d0-a285-00aa003049e2;ED)(OA;CIIO;RP;b7c69e6d-2cc7-11d2-854e-00a0c983f608;bf967aba-0de6-11d0-a285-00aa003049e2;ED)(OA;CIIO;WP;ea1b7b93-5e48-46d5-bc6c-4df4fda78a35;bf967a86-0de6-11d0-a285-00aa003049e2;PS)(OA;;CR;89e95b76-444d-4c62-991a-0facbeda640c;;BA)(OA;;CR;1131f6aa-9c07-11d1-f79f-00c04fc2dcd2;;BA)(OA;;CR;1131f6ab-9c07-11d1-f79f-00c04fc2dcd2;;BA)(OA;;CR;1131f6ac-9c07-11d1-f79f-00c04fc2dcd2;;BA)(OA;;CR;1131f6ad-9c07-11d1-f79f-00c04fc2dcd2;;BA)(OA;;CR;1131f6ae-9c07-11d1-f79f-00c04fc2dcd2;;BA)(OA;;CR;e2a36dc9-ae17-47c3-b58b-be34c55ba633;;S-1-5-32-557)(OA;CIIO;LCRPLORC;;4828cc14-1437-45bc-9b07-ad6f015e5f28;RU)(OA;CIIO;LCRPLORC;;bf967a9c-0de6-11d0-a285-00aa003049e2;RU)(OA;CIIO;LCRPLORC;;bf967aba-0de6-11d0-a285-00aa003049e2;RU)(OA;;CR;05c74c5e-4deb-43b4-bd9f-86664c2a7fd5;;AU)(OA;;CR;89e95b76-444d-4c62-991a-0facbeda640c;;ED)(OA;;CR;ccc2dc7d-a6ad-4a7a-8846-c04e3cc53501;;AU)(OA;;CR;280f369c-67c7-438e-ae98-1d46f3c6f541;;AU)(OA;;CR;1131f6aa-9c07-11d1-f79f-00c04fc2dcd2;;ED)(OA;;CR;1131f6ab-9c07-11d1-f79f-00c04fc2dcd2;;ED)(OA;;CR;1131f6ac-9c07-11d1-f79f-00c04fc2dcd2;;ED)(OA;;CR;1131f6ae-9c07-11d1-f79f-00c04fc2dcd2;;ED)(OA;CI;RPWP;3f78c3e5-f79a-46bd-a0b8-9d18116ddc79;;PS)(OA;CIIO;RPWPCR;91e647de-d96f-4b70-9557-d63ff4f3ccd8;;PS)(A;;CCLCSWRPWPLOCRRCWDWO;;;DA)(A;CI;LCRPWPRC;;;S-1-5-21-390003789-444691441-1275789787-3445)(A;CI;CCDCLCSWRPWPDTLOCRSDRCWDWO;;;S-1-5-21-390003789-444691441-1275789787-519)(A;;RPRC;;;RU)(A;CI;LC;;;RU)(A;CI;CCLCSWRPWPLOCRSDRCWDWO;;;BA)(A;;RP;;;WD)(A;;LCRPLORC;;;ED)(A;;LCRPLORC;;;AU)(A;;CCDCLCSWRPWPDTLOCRSDRCWDWO;;;SY)S:AI(OU;CISA;WP;f30e3bbe-9ff0-11d1-b603-0000f80367c1;bf967aa5-0de6-11d0-a285-00aa003049e2;WD)(OU;CISA;WP;f30e3bbf-9ff0-11d1-b603-0000f80367c1;bf967aa5-0de6-11d0-a285-00aa003049e2;WD)(AU;SA;CR;;;DU)(AU;CISAFA;LCRPWPRCWDWO;;;DC)(AU;SA;CR;;;BA)(AU;SA;WPWDWO;;;WD)(AU;CISAFA;LCRPWPRCWDWO;;;WD)</Data><Data Name='OperationType'>%%14674</Data></EventData></Event>
<Event xmlns='http://schemas.microsoft.com/win/2004/08/events/event'><System><Provider Name='Microsoft-Windows-Security-Auditing' Guid='{54849625-5478-4994-A5BA-3E3B0328C30D}'/><EventID>5136</EventID><Version>0</Version><Level>0</Level><Task>14081</Task><Opcode>0</Opcode><Keywords>0x8020000000000000</Keywords><TimeCreated SystemTime='2023-11-10T10:45:06.722688600Z'/><EventRecordID>4507723</EventRecordID><Correlation ActivityID='{AE855537-1368-0001-4555-85AE6813DA01}'/><Execution ProcessID='608' ThreadID='648'/><Channel>Security</Channel><Computer>ar-win-dc.attackrange.local</Computer><Security/></System><EventData><Data Name='OpCorrelationID'>{49BDC008-3FB2-4AFD-93B6-54FDCD9E6051}</Data><Data Name='AppCorrelationID'>-</Data><Data Name='SubjectUserSid'>S-1-5-21-390003789-444691441-1275789787-500</Data><Data Name='SubjectUserName'>Administrator</Data><Data Name='SubjectDomainName'>ATTACKRANGE</Data><Data Name='SubjectLogonId'>0x69a8fd</Data><Data Name='DSName'>attackrange.local</Data><Data Name='DSType'>%%14676</Data><Data Name='ObjectDN'>DC=attackrange,DC=local</Data><Data Name='ObjectGUID'>{C5F5FDB6-AC1C-4AC8-A79C-FCB2457875EE}</Data><Data Name='ObjectClass'>domainDNS</Data><Data Name='AttributeLDAPDisplayName'>nTSecurityDescriptor</Data><Data Name='AttributeSyntaxOID'>2.5.5.15</Data><Data Name='AttributeValue'>O:BAG:BAD:AI(OA;;CR;1131f6aa-9c07-11d1-f79f-00c04fc2dcd2;;S-1-5-21-390003789-444691441-1275789787-498)(OA;;CR;1131f6ad-9c07-11d1-f79f-00c04fc2dcd2;;DD)(OA;CIIO;SW;9b026da6-0d3c-465c-8bee-5199d7165cba;bf967a86-0de6-11d0-a285-00aa003049e2;CO)(OA;CIIO;SW;9b026da6-0d3c-465c-8bee-5199d7165cba;bf967a86-0de6-11d0-a285-00aa003049e2;PS)(OA;CIIO;RP;b7c69e6d-2cc7-11d2-854e-00a0c983f608;bf967a86-0de6-11d0-a285-00aa003049e2;ED)(OA;CIIO;RP;b7c69e6d-2cc7-11d2-854e-00a0c983f608;bf967a9c-0de6-11d0-a285-00aa003049e2;ED)(OA;CIIO;RP;b7c69e6d-2cc7-11d2-854e-00a0c983f608;bf967aba-0de6-11d0-a285-00aa003049e2;ED)(OA;CIIO;WP;ea1b7b93-5e48-46d5-bc6c-4df4fda78a35;bf967a86-0de6-11d0-a285-00aa003049e2;PS)(OA;;CR;89e95b76-444d-4c62-991a-0facbeda640c;;BA)(OA;;CR;1131f6aa-9c07-11d1-f79f-00c04fc2dcd2;;BA)(OA;;CR;1131f6ab-9c07-11d1-f79f-00c04fc2dcd2;;BA)(OA;;CR;1131f6ac-9c07-11d1-f79f-00c04fc2dcd2;;BA)(OA;;CR;1131f6ad-9c07-11d1-f79f-00c04fc2dcd2;;BA)(OA;;CR;1131f6ae-9c07-11d1-f79f-00c04fc2dcd2;;BA)(OA;;CR;e2a36dc9-ae17-47c3-b58b-be34c55ba633;;S-1-5-32-557)(OA;CIIO;LCRPLORC;;4828cc14-1437-45bc-9b07-ad6f015e5f28;RU)(OA;CIIO;LCRPLORC;;bf967a9c-0de6-11d0-a285-00aa003049e2;RU)(OA;CIIO;LCRPLORC;;bf967aba-0de6-11d0-a285-00aa003049e2;RU)(OA;;CR;05c74c5e-4deb-43b4-bd9f-86664c2a7fd5;;AU)(OA;;CR;89e95b76-444d-4c62-991a-0facbeda640c;;ED)(OA;;CR;ccc2dc7d-a6ad-4a7a-8846-c04e3cc53501;;AU)(OA;;CR;280f369c-67c7-438e-ae98-1d46f3c6f541;;AU)(OA;;CR;1131f6aa-9c07-11d1-f79f-00c04fc2dcd2;;ED)(OA;;CR;1131f6ab-9c07-11d1-f79f-00c04fc2dcd2;;ED)(OA;;CR;1131f6ac-9c07-11d1-f79f-00c04fc2dcd2;;ED)(OA;;CR;1131f6ae-9c07-11d1-f79f-00c04fc2dcd2;;ED)(OA;CI;RPWP;3f78c3e5-f79a-46bd-a0b8-9d18116ddc79;;PS)(OA;CIIO;RPWPCR;91e647de-d96f-4b70-9557-d63ff4f3ccd8;;PS)(A;;CCLCSWRPWPLOCRRCWDWO;;;DA)(A;CI;CCDCLCSWRPWPDTLOCRSDRCWDWO;;;S-1-5-21-390003789-444691441-1275789787-519)(A;CI;CCDCLCSWRPWPDTLOCRSDRCWDWO;;;S-1-5-21-390003789-444691441-1275789787-3445)(A;;RPRC;;;RU)(A;CI;LC;;;RU)(A;CI;CCLCSWRPWPLOCRSDRCWDWO;;;BA)(A;;RP;;;WD)(A;;LCRPLORC;;;ED)(A;;LCRPLORC;;;AU)(A;;CCDCLCSWRPWPDTLOCRSDRCWDWO;;;SY)S:AI(OU;CISA;WP;f30e3bbe-9ff0-11d1-b603-0000f80367c1;bf967aa5-0de6-11d0-a285-00aa003049e2;WD)(OU;CISA;WP;f30e3bbf-9ff0-11d1-b603-0000f80367c1;bf967aa5-0de6-11d0-a285-00aa003049e2;WD)(AU;SA;CR;;;DU)(AU;CISAFA;LCRPWPRCWDWO;;;DC)(AU;SA;CR;;;BA)(AU;SA;WPWDWO;;;WD)(AU;CISAFA;LCRPWPRCWDWO;;;WD)</Data><Data Name='OperationType'>%%14675</Data></EventData></Event>
<Event xmlns='http://schemas.microsoft.com/win/2004/08/events/event'><System><Provider Name='Microsoft-Windows-Security-Auditing' Guid='{54849625-5478-4994-a5ba-3e3b0328c30d}'/><EventID>5141</EventID><Version>0</Version><Level>0</Level><Task>14081</Task><Opcode>0</Opcode><Keywords>0x8020000000000000</Keywords><TimeCreated SystemTime='2022-10-17T07:17:09.113123800Z'/><EventRecordID>115815</EventRecordID><Correlation/><Execution ProcessID='656' ThreadID='780'/><Channel>Security</Channel><Computer>ar-win-dc.attackrange.local</Computer><Security/></System><EventData><Data Name='OpCorrelationID'>{f3aedf85-1108-4550-bc35-75ae14c8cf2f}</Data><Data Name='AppCorrelationID'>-</Data><Data Name='SubjectUserSid'>ATTACKRANGE\Administrator</Data><Data Name='SubjectUserName'>Administrator</Data><Data Name='SubjectDomainName'>ATTACKRANGE</Data><Data Name='SubjectLogonId'>0x7868b5</Data><Data Name='DSName'>attackrange.local</Data><Data Name='DSType'>%%14676</Data><Data Name='ObjectDN'>CN=AR-WIN-2,CN=Servers,CN=Default-First-Site-Name,CN=Sites,CN=Configuration,DC=attackrange,DC=local</Data><Data Name='ObjectGUID'>{524899a3-1d73-4441-bd5f-90db52fcd4bf}</Data><Data Name='ObjectClass'>server</Data><Data Name='TreeDelete'>%%14679</Data></EventData></Event>
<Event xmlns='http://schemas.microsoft.com/win/2004/08/events/event'><System><Provider Name='Microsoft-Windows-Security-Auditing' Guid='{54849625-5478-4994-a5ba-3e3b0328c30d}'/><EventID>5141</EventID><Version>0</Version><Level>0</Level><Task>14081</Task><Opcode>0</Opcode><Keywords>0x8020000000000000</Keywords><TimeCreated SystemTime='2022-10-17T07:17:09.112889200Z'/><EventRecordID>115814</EventRecordID><Correlation/><Execution ProcessID='656' ThreadID='780'/><Channel>Security</Channel><Computer>ar-win-dc.attackrange.local</Computer><Security/></System><EventData><Data Name='OpCorrelationID'>{ee8af394-91c3-4394-a874-2b46ba488679}</Data><Data Name='AppCorrelationID'>-</Data><Data Name='SubjectUserSid'>ATTACKRANGE\Administrator</Data><Data Name='SubjectUserName'>Administrator</Data><Data Name='SubjectDomainName'>ATTACKRANGE</Data><Data Name='SubjectLogonId'>0x7868b5</Data><Data Name='DSName'>attackrange.local</Data><Data Name='DSType'>%%14676</Data><Data Name='ObjectDN'>CN=NTDS Settings,CN=AR-WIN-2,CN=Servers,CN=Default-First-Site-Name,CN=Sites,CN=Configuration,DC=attackrange,DC=local</Data><Data Name='ObjectGUID'>{7957e40f-9e67-4d5e-887c-9aa2e1f5f31c}</Data><Data Name='ObjectClass'>nTDSDSA</Data><Data Name='TreeDelete'>%%14679</Data></EventData></Event>
<Event xmlns='http://schemas.microsoft.com/win/2004/08/events/event'><System><Provider Name='Microsoft-Windows-Security-Auditing' Guid='{54849625-5478-4994-a5ba-3e3b0328c30d}'/><EventID>5137</EventID><Version>0</Version><Level>0</Level><Task>14081</Task><Opcode>0</Opcode><Keywords>0x8020000000000000</Keywords><TimeCreated SystemTime='2022-10-17T07:17:09.112386700Z'/><EventRecordID>115812</EventRecordID><Correlation/><Execution ProcessID='656' ThreadID='780'/><Channel>Security</Channel><Computer>ar-win-dc.attackrange.local</Computer><Security/></System><EventData><Data Name='OpCorrelationID'>{3ac07d84-2eae-469c-a964-dce71bbd6696}</Data><Data Name='AppCorrelationID'>-</Data><Data Name='SubjectUserSid'>ATTACKRANGE\Administrator</Data><Data Name='SubjectUserName'>Administrator</Data><Data Name='SubjectDomainName'>ATTACKRANGE</Data><Data Name='SubjectLogonId'>0x7868b5</Data><Data Name='DSName'>attackrange.local</Data><Data Name='DSType'>%%14676</Data><Data Name='ObjectDN'>CN=AR-WIN-2,CN=Servers,CN=Default-First-Site-Name,CN=Sites,CN=Configuration,DC=attackrange,DC=local</Data><Data Name='ObjectGUID'>{524899a3-1d73-4441-bd5f-90db52fcd4bf}</Data><Data Name='ObjectClass'>server</Data></EventData></Event>
