<Event xmlns='http://schemas.microsoft.com/win/2004/08/events/event'><System><Provider Name='Microsoft-Windows-Security-Auditing' Guid='{54849625-5478-4994-A5BA-3E3B0328C30D}'/><EventID>4771</EventID><Version>0</Version><Level>0</Level><Task>14339</Task><Opcode>0</Opcode><Keywords>0x8010000000000000</Keywords><TimeCreated SystemTime='2022-09-08T17:43:48.978253200Z'/><EventRecordID>391470</EventRecordID><Correlation/><Execution ProcessID='644' ThreadID='1956'/><Channel>Security</Channel><Computer>win-dc-mvelazco-02713-392.attackrange.local</Computer><Security/></System><EventData><Data Name='TargetUserName'>BOBBIE_BURTON</Data><Data Name='TargetSid'>ATTACKRANGE\BOBBIE_BURTON</Data><Data Name='ServiceName'>krbtgt/attackrange.local</Data><Data Name='TicketOptions'>0x40810010</Data><Data Name='Status'>0x18</Data><Data Name='PreAuthType'>2</Data><Data Name='IpAddress'>::ffff:10.0.1.15</Data><Data Name='IpPort'>64043</Data><Data Name='CertIssuerName'></Data><Data Name='CertSerialNumber'></Data><Data Name='CertThumbprint'></Data></EventData></Event>
<Event xmlns='http://schemas.microsoft.com/win/2004/08/events/event'><System><Provider Name='Microsoft-Windows-Security-Auditing' Guid='{54849625-5478-4994-A5BA-3E3B0328C30D}'/><EventID>4771</EventID><Version>0</Version><Level>0</Level><Task>14339</Task><Opcode>0</Opcode><Keywords>0x8010000000000000</Keywords><TimeCreated SystemTime='2022-09-08T17:43:48.953888800Z'/><EventRecordID>391469</EventRecordID><Correlation/><Execution ProcessID='644' ThreadID='1956'/><Channel>Security</Channel><Computer>win-dc-mvelazco-02713-392.attackrange.local</Computer><Security/></System><EventData><Data Name='TargetUserName'>JOSE_POPE</Data><Data Name='TargetSid'>ATTACKRANGE\JOSE_POPE</Data><Data Name='ServiceName'>krbtgt/attackrange.local</Data><Data Name='TicketOptions'>0x40810010</Data><Data Name='Status'>0x18</Data><Data Name='PreAuthType'>2</Data><Data Name='IpAddress'>::ffff:10.0.1.15</Data><Data Name='IpPort'>64041</Data><Data Name='CertIssuerName'></Data><Data Name='CertSerialNumber'></Data><Data Name='CertThumbprint'></Data></EventData></Event>
<Event xmlns='http://schemas.microsoft.com/win/2004/08/events/event'><System><Provider Name='Microsoft-Windows-Security-Auditing' Guid='{54849625-5478-4994-A5BA-3E3B0328C30D}'/><EventID>4771</EventID><Version>0</Version><Level>0</Level><Task>14339</Task><Opcode>0</Opcode><Keywords>0x8010000000000000</Keywords><TimeCreated SystemTime='2022-09-08T17:43:48.925769600Z'/><EventRecordID>391468</EventRecordID><Correlation/><Execution ProcessID='644' ThreadID='3500'/><Channel>Security</Channel><Computer>win-dc-mvelazco-02713-392.attackrange.local</Computer><Security/></System><EventData><Data Name='TargetUserName'>LARA_MCKEE</Data><Data Name='TargetSid'>ATTACKRANGE\LARA_MCKEE</Data><Data Name='ServiceName'>krbtgt/attackrange.local</Data><Data Name='TicketOptions'>0x40810010</Data><Data Name='Status'>0x18</Data><Data Name='PreAuthType'>2</Data><Data Name='IpAddress'>::ffff:10.0.1.15</Data><Data Name='IpPort'>64039</Data><Data Name='CertIssuerName'></Data><Data Name='CertSerialNumber'></Data><Data Name='CertThumbprint'></Data></EventData></Event>
<Event xmlns='http://schemas.microsoft.com/win/2004/08/events/event'><System><Provider Name='Microsoft-Windows-Security-Auditing' Guid='{54849625-5478-4994-A5BA-3E3B0328C30D}'/><EventID>4771</EventID><Version>0</Version><Level>0</Level><Task>14339</Task><Opcode>0</Opcode><Keywords>0x8010000000000000</Keywords><TimeCreated SystemTime='2022-09-08T17:43:48.903911200Z'/><EventRecordID>391467</EventRecordID><Correlation/><Execution ProcessID='644' ThreadID='3500'/><Channel>Security</Channel><Computer>win-dc-mvelazco-02713-392.attackrange.local</Computer><Security/></System><EventData><Data Name='TargetUserName'>GUSTAVO_PATE</Data><Data Name='TargetSid'>ATTACKRANGE\GUSTAVO_PATE</Data><Data Name='ServiceName'>krbtgt/attackrange.local</Data><Data Name='TicketOptions'>0x40810010</Data><Data Name='Status'>0x18</Data><Data Name='PreAuthType'>2</Data><Data Name='IpAddress'>::ffff:10.0.1.15</Data><Data Name='IpPort'>64037</Data><Data Name='CertIssuerName'></Data><Data Name='CertSerialNumber'></Data><Data Name='CertThumbprint'></Data></EventData></Event>
<Event xmlns='http://schemas.microsoft.com/win/2004/08/events/event'><System><Provider Name='Microsoft-Windows-Security-Auditing' Guid='{54849625-5478-4994-A5BA-3E3B0328C30D}'/><EventID>4768</EventID><Version>0</Version><Level>0</Level><Task>14339</Task><Opcode>0</Opcode><Keywords>0x8020000000000000</Keywords><TimeCreated SystemTime='2022-09-08T17:43:48.884161400Z'/><EventRecordID>391466</EventRecordID><Correlation/><Execution ProcessID='644' ThreadID='3500'/><Channel>Security</Channel><Computer>win-dc-mvelazco-02713-392.attackrange.local</Computer><Security/></System><EventData><Data Name='TargetUserName'>BOOKER_KNOX</Data><Data Name='TargetDomainName'>attackrange.local</Data><Data Name='TargetSid'>ATTACKRANGE\BOOKER_KNOX</Data><Data Name='ServiceName'>krbtgt</Data><Data Name='ServiceSid'>ATTACKRANGE\krbtgt</Data><Data Name='TicketOptions'>0x40810010</Data><Data Name='Status'>0x0</Data><Data Name='TicketEncryptionType'>0x12</Data><Data Name='PreAuthType'>0</Data><Data Name='IpAddress'>::ffff:10.0.1.15</Data><Data Name='IpPort'>64035</Data><Data Name='CertIssuerName'></Data><Data Name='CertSerialNumber'></Data><Data Name='CertThumbprint'></Data></EventData></Event>
